<?xml version="1.0" encoding="UTF-8"?>
<!-- Generated by org.testng.reporters.JUnitXMLReporter -->
<testsuite ignored="0" hostname="DESKTOP-B3UT58U" failures="0" tests="13" name="Test" time="33.715" errors="0" timestamp="2024-12-02T15:57:36 IST">
  <testcase classname="api.tests.userTest" name="test_createUser" time="4.584"/>
  <testcase classname="api.tests.userTest" name="test_getUser" time="2.833"/>
  <testcase classname="api.tests.userTest" name="test_updateUser" time="3.937"/>
  <testcase classname="api.tests.userTest" name="test_deleteUser" time="4.048"/>
  <testcase classname="api.tests.userTest1" name="test_creatUserusingDataProvider" time="1.712"/>
  <testcase classname="api.tests.userTest1" name="test_creatUserusingDataProvider" time="1.842"/>
  <testcase classname="api.tests.userTest1" name="test_creatUserusingDataProvider" time="1.841"/>
  <testcase classname="api.tests.userTest1" name="test_getUser" time="1.586"/>
  <testcase classname="api.tests.userTest1" name="test_getUser" time="2.044"/>
  <testcase classname="api.tests.userTest1" name="test_getUser" time="1.634"/>
  <testcase classname="api.tests.userTest1" name="test_deleteUser" time="1.792"/>
  <testcase classname="api.tests.userTest1" name="test_deleteUser" time="2.047"/>
  <testcase classname="api.tests.userTest1" name="test_deleteUser" time="2.047"/>
</testsuite> <!-- Test -->
