<?xml version="1.0" encoding="UTF-8"?>
<!-- Generated by org.testng.reporters.JUnitXMLReporter -->
<testsuite ignored="0" hostname="DESKTOP-B3UT58U" failures="0" tests="11" name="Test" time="24.557" errors="0" timestamp="2024-12-03T23:44:12 IST">
  <testcase classname="api.tests.userTest1" name="test_creatUserusingDataProvider" time="4.405"/>
  <testcase classname="api.tests.userTest1" name="test_creatUserusingDataProvider" time="1.978"/>
  <testcase classname="api.tests.userTest1" name="test_creatUserusingDataProvider" time="1.636"/>
  <testcase classname="api.tests.userTest1" name="test_getUser" time="1.808"/>
  <testcase classname="api.tests.userTest1" name="test_getUser" time="1.999"/>
  <testcase classname="api.tests.userTest1" name="test_getUser" time="2.044"/>
  <testcase classname="api.tests.userTest1" name="test_deleteUser" time="1.99"/>
  <testcase classname="api.tests.userTest1" name="test_deleteUser" time="1.841"/>
  <testcase classname="api.tests.userTest1" name="test_deleteUser" time="1.839"/>
  <testcase classname="api.tests.userTest1" name="test_loginWithValidUser" time="2.046"/>
  <testcase classname="api.tests.userTest1" name="test_logoutWithValidUser" time="1.433"/>
</testsuite> <!-- Test -->
