<?xml version="1.0" encoding="UTF-8"?>
<testng-results ignored="0" total="13" passed="13" failed="0" skipped="0">
  <reporter-output>
  </reporter-output>
  <suite started-at="2024-12-02T15:57:01 IST" name="Suite" finished-at="2024-12-02T15:57:35 IST" duration-ms="33715">
    <groups>
    </groups>
    <test started-at="2024-12-02T15:57:01 IST" name="Test" finished-at="2024-12-02T15:57:35 IST" duration-ms="33715">
      <class name="api.tests.userTest">
        <test-method is-config="true" signature="setupData()[pri:0, instance:api.tests.userTest@52e6fdee]" started-at="2024-12-02T15:57:02 IST" name="setupData" finished-at="2024-12-02T15:57:02 IST" duration-ms="315" status="PASS">
          <reporter-output>
          </reporter-output>
        </test-method> <!-- setupData -->
        <test-method signature="test_createUser()[pri:1, instance:api.tests.userTest@52e6fdee]" started-at="2024-12-02T15:57:02 IST" name="test_createUser" finished-at="2024-12-02T15:57:07 IST" duration-ms="4584" status="PASS">
          <reporter-output>
          </reporter-output>
        </test-method> <!-- test_createUser -->
        <test-method signature="test_getUser()[pri:2, instance:api.tests.userTest@52e6fdee]" started-at="2024-12-02T15:57:07 IST" name="test_getUser" finished-at="2024-12-02T15:57:10 IST" depends-on-methods="api.tests.userTest.test_createUser" duration-ms="2833" status="PASS">
          <reporter-output>
          </reporter-output>
        </test-method> <!-- test_getUser -->
        <test-method signature="test_updateUser()[pri:3, instance:api.tests.userTest@52e6fdee]" started-at="2024-12-02T15:57:10 IST" name="test_updateUser" finished-at="2024-12-02T15:57:13 IST" depends-on-methods="api.tests.userTest.test_createUser" duration-ms="3937" status="PASS">
          <reporter-output>
          </reporter-output>
        </test-method> <!-- test_updateUser -->
        <test-method signature="test_deleteUser()[pri:4, instance:api.tests.userTest@52e6fdee]" started-at="2024-12-02T15:57:13 IST" name="test_deleteUser" finished-at="2024-12-02T15:57:18 IST" depends-on-methods="api.tests.userTest.test_createUser" duration-ms="4048" status="PASS">
          <reporter-output>
          </reporter-output>
        </test-method> <!-- test_deleteUser -->
      </class> <!-- api.tests.userTest -->
      <class name="api.tests.userTest1">
        <test-method signature="test_creatUserusingDataProvider(java.lang.String,java.lang.String,java.lang.String,java.lang.String,java.lang.String,java.lang.String,java.lang.String)[pri:1, instance:api.tests.userTest1@32eff876]" started-at="2024-12-02T15:57:18 IST" name="test_creatUserusingDataProvider" data-provider="newUserData" finished-at="2024-12-02T15:57:20 IST" duration-ms="1712" status="PASS">
          <params>
            <param index="0">
              <value>
                <![CDATA[1010]]>
              </value>
            </param>
            <param index="1">
              <value>
                <![CDATA[testuser1]]>
              </value>
            </param>
            <param index="2">
              <value>
                <![CDATA[Jhon]]>
              </value>
            </param>
            <param index="3">
              <value>
                <![CDATA[Cena]]>
              </value>
            </param>
            <param index="4">
              <value>
                <![CDATA[a@gmail.com]]>
              </value>
            </param>
            <param index="5">
              <value>
                <![CDATA[test@123]]>
              </value>
            </param>
            <param index="6">
              <value>
                <![CDATA[1234567897]]>
              </value>
            </param>
          </params>
          <reporter-output>
          </reporter-output>
        </test-method> <!-- test_creatUserusingDataProvider -->
        <test-method signature="test_creatUserusingDataProvider(java.lang.String,java.lang.String,java.lang.String,java.lang.String,java.lang.String,java.lang.String,java.lang.String)[pri:1, instance:api.tests.userTest1@32eff876]" started-at="2024-12-02T15:57:20 IST" name="test_creatUserusingDataProvider" data-provider="newUserData" finished-at="2024-12-02T15:57:22 IST" duration-ms="1842" status="PASS">
          <params>
            <param index="0">
              <value>
                <![CDATA[1020]]>
              </value>
            </param>
            <param index="1">
              <value>
                <![CDATA[testuser2]]>
              </value>
            </param>
            <param index="2">
              <value>
                <![CDATA[under]]>
              </value>
            </param>
            <param index="3">
              <value>
                <![CDATA[taker]]>
              </value>
            </param>
            <param index="4">
              <value>
                <![CDATA[b@gmail.com]]>
              </value>
            </param>
            <param index="5">
              <value>
                <![CDATA[test@123]]>
              </value>
            </param>
            <param index="6">
              <value>
                <![CDATA[1234567897]]>
              </value>
            </param>
          </params>
          <reporter-output>
          </reporter-output>
        </test-method> <!-- test_creatUserusingDataProvider -->
        <test-method signature="test_creatUserusingDataProvider(java.lang.String,java.lang.String,java.lang.String,java.lang.String,java.lang.String,java.lang.String,java.lang.String)[pri:1, instance:api.tests.userTest1@32eff876]" started-at="2024-12-02T15:57:22 IST" name="test_creatUserusingDataProvider" data-provider="newUserData" finished-at="2024-12-02T15:57:24 IST" duration-ms="1841" status="PASS">
          <params>
            <param index="0">
              <value>
                <![CDATA[1030]]>
              </value>
            </param>
            <param index="1">
              <value>
                <![CDATA[testuser3]]>
              </value>
            </param>
            <param index="2">
              <value>
                <![CDATA[kane]]>
              </value>
            </param>
            <param index="3">
              <value>
                <![CDATA[taker]]>
              </value>
            </param>
            <param index="4">
              <value>
                <![CDATA[c@gmail.com]]>
              </value>
            </param>
            <param index="5">
              <value>
                <![CDATA[test@123]]>
              </value>
            </param>
            <param index="6">
              <value>
                <![CDATA[1234567897]]>
              </value>
            </param>
          </params>
          <reporter-output>
          </reporter-output>
        </test-method> <!-- test_creatUserusingDataProvider -->
        <test-method signature="test_getUser(java.lang.String)[pri:2, instance:api.tests.userTest1@32eff876]" started-at="2024-12-02T15:57:24 IST" name="test_getUser" data-provider="UserName" finished-at="2024-12-02T15:57:26 IST" duration-ms="1586" status="PASS">
          <params>
            <param index="0">
              <value>
                <![CDATA[testuser1]]>
              </value>
            </param>
          </params>
          <reporter-output>
          </reporter-output>
        </test-method> <!-- test_getUser -->
        <test-method signature="test_getUser(java.lang.String)[pri:2, instance:api.tests.userTest1@32eff876]" started-at="2024-12-02T15:57:26 IST" name="test_getUser" data-provider="UserName" finished-at="2024-12-02T15:57:28 IST" duration-ms="2044" status="PASS">
          <params>
            <param index="0">
              <value>
                <![CDATA[testuser2]]>
              </value>
            </param>
          </params>
          <reporter-output>
          </reporter-output>
        </test-method> <!-- test_getUser -->
        <test-method signature="test_getUser(java.lang.String)[pri:2, instance:api.tests.userTest1@32eff876]" started-at="2024-12-02T15:57:28 IST" name="test_getUser" data-provider="UserName" finished-at="2024-12-02T15:57:29 IST" duration-ms="1634" status="PASS">
          <params>
            <param index="0">
              <value>
                <![CDATA[testuser3]]>
              </value>
            </param>
          </params>
          <reporter-output>
          </reporter-output>
        </test-method> <!-- test_getUser -->
        <test-method signature="test_deleteUser(java.lang.String)[pri:3, instance:api.tests.userTest1@32eff876]" started-at="2024-12-02T15:57:29 IST" name="test_deleteUser" data-provider="UserName" finished-at="2024-12-02T15:57:31 IST" duration-ms="1792" status="PASS">
          <params>
            <param index="0">
              <value>
                <![CDATA[testuser1]]>
              </value>
            </param>
          </params>
          <reporter-output>
          </reporter-output>
        </test-method> <!-- test_deleteUser -->
        <test-method signature="test_deleteUser(java.lang.String)[pri:3, instance:api.tests.userTest1@32eff876]" started-at="2024-12-02T15:57:31 IST" name="test_deleteUser" data-provider="UserName" finished-at="2024-12-02T15:57:33 IST" duration-ms="2047" status="PASS">
          <params>
            <param index="0">
              <value>
                <![CDATA[testuser2]]>
              </value>
            </param>
          </params>
          <reporter-output>
          </reporter-output>
        </test-method> <!-- test_deleteUser -->
        <test-method signature="test_deleteUser(java.lang.String)[pri:3, instance:api.tests.userTest1@32eff876]" started-at="2024-12-02T15:57:33 IST" name="test_deleteUser" data-provider="UserName" finished-at="2024-12-02T15:57:35 IST" duration-ms="2047" status="PASS">
          <params>
            <param index="0">
              <value>
                <![CDATA[testuser3]]>
              </value>
            </param>
          </params>
          <reporter-output>
          </reporter-output>
        </test-method> <!-- test_deleteUser -->
      </class> <!-- api.tests.userTest1 -->
    </test> <!-- Test -->
  </suite> <!-- Suite -->
</testng-results>
