<?xml version="1.0" encoding="UTF-8"?>
<testng-results ignored="0" total="11" passed="11" failed="0" skipped="0">
  <reporter-output>
  </reporter-output>
  <suite started-at="2024-12-03T23:43:46 IST" name="Suite" finished-at="2024-12-03T23:44:11 IST" duration-ms="24557">
    <groups>
    </groups>
    <test started-at="2024-12-03T23:43:46 IST" name="Test" finished-at="2024-12-03T23:44:11 IST" duration-ms="24557">
      <class name="api.tests.userTest1">
        <test-method is-config="true" signature="setup()[pri:0, instance:api.tests.userTest1@31c88ec8]" started-at="2024-12-03T23:43:48 IST" name="setup" finished-at="2024-12-03T23:43:48 IST" duration-ms="11" status="PASS">
          <reporter-output>
          </reporter-output>
        </test-method> <!-- setup -->
        <test-method signature="test_creatUserusingDataProvider(java.lang.String,java.lang.String,java.lang.String,java.lang.String,java.lang.String,java.lang.String,java.lang.String)[pri:1, instance:api.tests.userTest1@31c88ec8]" started-at="2024-12-03T23:43:48 IST" name="test_creatUserusingDataProvider" data-provider="newUserData" finished-at="2024-12-03T23:43:52 IST" duration-ms="4405" status="PASS">
          <params>
            <param index="0">
              <value>
                <![CDATA[1010]]>
              </value>
            </param>
            <param index="1">
              <value>
                <![CDATA[testuser1]]>
              </value>
            </param>
            <param index="2">
              <value>
                <![CDATA[Jhon]]>
              </value>
            </param>
            <param index="3">
              <value>
                <![CDATA[Cena]]>
              </value>
            </param>
            <param index="4">
              <value>
                <![CDATA[a@gmail.com]]>
              </value>
            </param>
            <param index="5">
              <value>
                <![CDATA[test@123]]>
              </value>
            </param>
            <param index="6">
              <value>
                <![CDATA[1234567897]]>
              </value>
            </param>
          </params>
          <reporter-output>
          </reporter-output>
        </test-method> <!-- test_creatUserusingDataProvider -->
        <test-method is-config="true" signature="setup()[pri:0, instance:api.tests.userTest1@31c88ec8]" started-at="2024-12-03T23:43:52 IST" name="setup" finished-at="2024-12-03T23:43:52 IST" duration-ms="1" status="PASS">
          <reporter-output>
          </reporter-output>
        </test-method> <!-- setup -->
        <test-method signature="test_creatUserusingDataProvider(java.lang.String,java.lang.String,java.lang.String,java.lang.String,java.lang.String,java.lang.String,java.lang.String)[pri:1, instance:api.tests.userTest1@31c88ec8]" started-at="2024-12-03T23:43:52 IST" name="test_creatUserusingDataProvider" data-provider="newUserData" finished-at="2024-12-03T23:43:54 IST" duration-ms="1978" status="PASS">
          <params>
            <param index="0">
              <value>
                <![CDATA[1020]]>
              </value>
            </param>
            <param index="1">
              <value>
                <![CDATA[testuser2]]>
              </value>
            </param>
            <param index="2">
              <value>
                <![CDATA[under]]>
              </value>
            </param>
            <param index="3">
              <value>
                <![CDATA[taker]]>
              </value>
            </param>
            <param index="4">
              <value>
                <![CDATA[b@gmail.com]]>
              </value>
            </param>
            <param index="5">
              <value>
                <![CDATA[test@123]]>
              </value>
            </param>
            <param index="6">
              <value>
                <![CDATA[1234567897]]>
              </value>
            </param>
          </params>
          <reporter-output>
          </reporter-output>
        </test-method> <!-- test_creatUserusingDataProvider -->
        <test-method is-config="true" signature="setup()[pri:0, instance:api.tests.userTest1@31c88ec8]" started-at="2024-12-03T23:43:54 IST" name="setup" finished-at="2024-12-03T23:43:54 IST" duration-ms="1" status="PASS">
          <reporter-output>
          </reporter-output>
        </test-method> <!-- setup -->
        <test-method signature="test_creatUserusingDataProvider(java.lang.String,java.lang.String,java.lang.String,java.lang.String,java.lang.String,java.lang.String,java.lang.String)[pri:1, instance:api.tests.userTest1@31c88ec8]" started-at="2024-12-03T23:43:54 IST" name="test_creatUserusingDataProvider" data-provider="newUserData" finished-at="2024-12-03T23:43:56 IST" duration-ms="1636" status="PASS">
          <params>
            <param index="0">
              <value>
                <![CDATA[1030]]>
              </value>
            </param>
            <param index="1">
              <value>
                <![CDATA[testuser3]]>
              </value>
            </param>
            <param index="2">
              <value>
                <![CDATA[kane]]>
              </value>
            </param>
            <param index="3">
              <value>
                <![CDATA[taker]]>
              </value>
            </param>
            <param index="4">
              <value>
                <![CDATA[c@gmail.com]]>
              </value>
            </param>
            <param index="5">
              <value>
                <![CDATA[test@123]]>
              </value>
            </param>
            <param index="6">
              <value>
                <![CDATA[1234567897]]>
              </value>
            </param>
          </params>
          <reporter-output>
          </reporter-output>
        </test-method> <!-- test_creatUserusingDataProvider -->
        <test-method is-config="true" signature="setup()[pri:0, instance:api.tests.userTest1@31c88ec8]" started-at="2024-12-03T23:43:56 IST" name="setup" finished-at="2024-12-03T23:43:56 IST" duration-ms="1" status="PASS">
          <reporter-output>
          </reporter-output>
        </test-method> <!-- setup -->
        <test-method signature="test_getUser(java.lang.String)[pri:2, instance:api.tests.userTest1@31c88ec8]" started-at="2024-12-03T23:43:56 IST" name="test_getUser" data-provider="UserName" finished-at="2024-12-03T23:43:58 IST" depends-on-methods="api.tests.userTest1.test_creatUserusingDataProvider" duration-ms="1808" status="PASS">
          <params>
            <param index="0">
              <value>
                <![CDATA[testuser1]]>
              </value>
            </param>
          </params>
          <reporter-output>
          </reporter-output>
        </test-method> <!-- test_getUser -->
        <test-method is-config="true" signature="setup()[pri:0, instance:api.tests.userTest1@31c88ec8]" started-at="2024-12-03T23:43:58 IST" name="setup" finished-at="2024-12-03T23:43:58 IST" duration-ms="1" status="PASS">
          <reporter-output>
          </reporter-output>
        </test-method> <!-- setup -->
        <test-method signature="test_getUser(java.lang.String)[pri:2, instance:api.tests.userTest1@31c88ec8]" started-at="2024-12-03T23:43:58 IST" name="test_getUser" data-provider="UserName" finished-at="2024-12-03T23:44:00 IST" depends-on-methods="api.tests.userTest1.test_creatUserusingDataProvider" duration-ms="1999" status="PASS">
          <params>
            <param index="0">
              <value>
                <![CDATA[testuser2]]>
              </value>
            </param>
          </params>
          <reporter-output>
          </reporter-output>
        </test-method> <!-- test_getUser -->
        <test-method is-config="true" signature="setup()[pri:0, instance:api.tests.userTest1@31c88ec8]" started-at="2024-12-03T23:44:00 IST" name="setup" finished-at="2024-12-03T23:44:00 IST" duration-ms="1" status="PASS">
          <reporter-output>
          </reporter-output>
        </test-method> <!-- setup -->
        <test-method signature="test_getUser(java.lang.String)[pri:2, instance:api.tests.userTest1@31c88ec8]" started-at="2024-12-03T23:44:00 IST" name="test_getUser" data-provider="UserName" finished-at="2024-12-03T23:44:02 IST" depends-on-methods="api.tests.userTest1.test_creatUserusingDataProvider" duration-ms="2044" status="PASS">
          <params>
            <param index="0">
              <value>
                <![CDATA[testuser3]]>
              </value>
            </param>
          </params>
          <reporter-output>
          </reporter-output>
        </test-method> <!-- test_getUser -->
        <test-method signature="test_deleteUser(java.lang.String)[pri:3, instance:api.tests.userTest1@31c88ec8]" started-at="2024-12-03T23:44:02 IST" name="test_deleteUser" data-provider="UserName" finished-at="2024-12-03T23:44:04 IST" depends-on-methods="api.tests.userTest1.test_creatUserusingDataProvider" duration-ms="1990" status="PASS">
          <params>
            <param index="0">
              <value>
                <![CDATA[testuser1]]>
              </value>
            </param>
          </params>
          <reporter-output>
          </reporter-output>
        </test-method> <!-- test_deleteUser -->
        <test-method is-config="true" signature="setup()[pri:0, instance:api.tests.userTest1@31c88ec8]" started-at="2024-12-03T23:44:02 IST" name="setup" finished-at="2024-12-03T23:44:02 IST" duration-ms="0" status="PASS">
          <reporter-output>
          </reporter-output>
        </test-method> <!-- setup -->
        <test-method is-config="true" signature="setup()[pri:0, instance:api.tests.userTest1@31c88ec8]" started-at="2024-12-03T23:44:04 IST" name="setup" finished-at="2024-12-03T23:44:04 IST" duration-ms="1" status="PASS">
          <reporter-output>
          </reporter-output>
        </test-method> <!-- setup -->
        <test-method signature="test_deleteUser(java.lang.String)[pri:3, instance:api.tests.userTest1@31c88ec8]" started-at="2024-12-03T23:44:04 IST" name="test_deleteUser" data-provider="UserName" finished-at="2024-12-03T23:44:06 IST" depends-on-methods="api.tests.userTest1.test_creatUserusingDataProvider" duration-ms="1841" status="PASS">
          <params>
            <param index="0">
              <value>
                <![CDATA[testuser2]]>
              </value>
            </param>
          </params>
          <reporter-output>
          </reporter-output>
        </test-method> <!-- test_deleteUser -->
        <test-method signature="test_deleteUser(java.lang.String)[pri:3, instance:api.tests.userTest1@31c88ec8]" started-at="2024-12-03T23:44:06 IST" name="test_deleteUser" data-provider="UserName" finished-at="2024-12-03T23:44:08 IST" depends-on-methods="api.tests.userTest1.test_creatUserusingDataProvider" duration-ms="1839" status="PASS">
          <params>
            <param index="0">
              <value>
                <![CDATA[testuser3]]>
              </value>
            </param>
          </params>
          <reporter-output>
          </reporter-output>
        </test-method> <!-- test_deleteUser -->
        <test-method is-config="true" signature="setup()[pri:0, instance:api.tests.userTest1@31c88ec8]" started-at="2024-12-03T23:44:06 IST" name="setup" finished-at="2024-12-03T23:44:06 IST" duration-ms="0" status="PASS">
          <reporter-output>
          </reporter-output>
        </test-method> <!-- setup -->
        <test-method is-config="true" signature="setup()[pri:0, instance:api.tests.userTest1@31c88ec8]" started-at="2024-12-03T23:44:08 IST" name="setup" finished-at="2024-12-03T23:44:08 IST" duration-ms="1" status="PASS">
          <reporter-output>
          </reporter-output>
        </test-method> <!-- setup -->
        <test-method signature="test_loginWithValidUser()[pri:4, instance:api.tests.userTest1@31c88ec8]" started-at="2024-12-03T23:44:08 IST" name="test_loginWithValidUser" finished-at="2024-12-03T23:44:10 IST" duration-ms="2046" status="PASS">
          <reporter-output>
          </reporter-output>
        </test-method> <!-- test_loginWithValidUser -->
        <test-method signature="test_logoutWithValidUser()[pri:5, instance:api.tests.userTest1@31c88ec8]" started-at="2024-12-03T23:44:10 IST" name="test_logoutWithValidUser" finished-at="2024-12-03T23:44:11 IST" depends-on-methods="api.tests.userTest1.test_loginWithValidUser" duration-ms="1433" status="PASS">
          <reporter-output>
          </reporter-output>
        </test-method> <!-- test_logoutWithValidUser -->
        <test-method is-config="true" signature="setup()[pri:0, instance:api.tests.userTest1@31c88ec8]" started-at="2024-12-03T23:44:10 IST" name="setup" finished-at="2024-12-03T23:44:10 IST" duration-ms="0" status="PASS">
          <reporter-output>
          </reporter-output>
        </test-method> <!-- setup -->
      </class> <!-- api.tests.userTest1 -->
    </test> <!-- Test -->
  </suite> <!-- Suite -->
</testng-results>
