<?xml version="1.0" encoding="UTF-8"?>
<testng-results ignored="0" total="1" passed="1" failed="0" skipped="0">
  <reporter-output>
  </reporter-output>
  <suite started-at="2024-12-04T12:14:42 IST" name="Default suite" finished-at="2024-12-04T12:14:53 IST" duration-ms="11148">
    <groups>
    </groups>
    <test started-at="2024-12-04T12:14:42 IST" name="Default test" finished-at="2024-12-04T12:14:53 IST" duration-ms="11148">
      <class name="api.tests.Test_store">
        <test-method signature="test_getStroreInventory()[pri:0, instance:api.tests.Test_store@4550bb58]" started-at="2024-12-04T12:14:42 IST" name="test_getStroreInventory" finished-at="2024-12-04T12:14:53 IST" duration-ms="11006" status="PASS">
          <reporter-output>
          </reporter-output>
        </test-method> <!-- test_getStroreInventory -->
      </class> <!-- api.tests.Test_store -->
    </test> <!-- Default test -->
  </suite> <!-- Default suite -->
</testng-results>
